<?xml version="1.0" encoding="UTF-8"?>
<!-- Generated by org.testng.reporters.JUnitXMLReporter -->
<testsuite ignored="1" hostname="LAPTOP-6ANI2N00" failures="0" tests="1" name="Default test" time="2.8" errors="0" timestamp="2023-12-15T14:35:32 MEZ">
  <testcase classname="com.goldfish.datastar.selenium.testing.localhost.basic.TableTest" name="testPageTableHtmlTableByUsingCssSelectorToTestBrwoserColumnValues02" time="0.366"/>
  <testcase classname="com.goldfish.datastar.selenium.testing.localhost.basic.TableTest" name="testPageTableHtmlTableByUsingCssSelectorToTestBrwoserColumnValues01" time="0.0">
    <ignored/>
  </testcase> <!-- testPageTableHtmlTableByUsingCssSelectorToTestBrwoserColumnValues01 -->
</testsuite> <!-- Default test -->
