<?xml version="1.0" encoding="UTF-8"?>
<testng-results ignored="1" total="2" passed="1" failed="0" skipped="0">
  <reporter-output>
  </reporter-output>
  <suite started-at="2023-12-15T14:35:29 MEZ" name="Default suite" finished-at="2023-12-15T14:35:32 MEZ" duration-ms="2800">
    <groups>
    </groups>
    <test started-at="2023-12-15T14:35:29 MEZ" name="Default test" finished-at="2023-12-15T14:35:32 MEZ" duration-ms="2800">
      <class name="com.goldfish.datastar.selenium.testing.localhost.basic.TableTest">
        <test-method is-config="true" signature="beforeTest()[pri:0, instance:com.goldfish.datastar.selenium.testing.localhost.basic.TableTest@65f095f8]" started-at="2023-12-15T14:35:29 MEZ" name="beforeTest" finished-at="2023-12-15T14:35:32 MEZ" duration-ms="2286" status="PASS">
          <reporter-output>
          </reporter-output>
        </test-method> <!-- beforeTest -->
        <test-method signature="testPageTableHtmlTableByUsingCssSelectorToTestBrwoserColumnValues02()[pri:0, instance:com.goldfish.datastar.selenium.testing.localhost.basic.TableTest@65f095f8]" started-at="2023-12-15T14:35:32 MEZ" name="testPageTableHtmlTableByUsingCssSelectorToTestBrwoserColumnValues02" finished-at="2023-12-15T14:35:32 MEZ" duration-ms="366" status="PASS">
          <reporter-output>
          </reporter-output>
        </test-method> <!-- testPageTableHtmlTableByUsingCssSelectorToTestBrwoserColumnValues02 -->
        <test-method is-config="true" signature="afterTest()[pri:0, instance:com.goldfish.datastar.selenium.testing.localhost.basic.TableTest@65f095f8]" started-at="2023-12-15T14:35:32 MEZ" name="afterTest" finished-at="2023-12-15T14:35:32 MEZ" duration-ms="109" status="PASS">
          <reporter-output>
          </reporter-output>
        </test-method> <!-- afterTest -->
      </class> <!-- com.goldfish.datastar.selenium.testing.localhost.basic.TableTest -->
    </test> <!-- Default test -->
  </suite> <!-- Default suite -->
</testng-results>
