<?xml version="1.0" encoding="UTF-8"?>
<testng-results ignored="2" total="4" passed="1" failed="1" skipped="0">
  <reporter-output>
  </reporter-output>
  <suite started-at="2023-12-15T11:21:11 MEZ" name="Default suite" finished-at="2023-12-15T11:21:26 MEZ" duration-ms="14884">
    <groups>
    </groups>
    <test started-at="2023-12-15T11:21:11 MEZ" name="Default test" finished-at="2023-12-15T11:21:26 MEZ" duration-ms="14884">
      <class name="com.goldfish.datastar.selenium.testing.localhost.login.LoginToLocalhostPageLoginHtmlTest">
        <test-method is-config="true" signature="beforeTest()[pri:0, instance:com.goldfish.datastar.selenium.testing.localhost.login.LoginToLocalhostPageLoginHtmlTest@747edf66]" started-at="2023-12-15T11:21:11 MEZ" name="beforeTest" finished-at="2023-12-15T11:21:14 MEZ" duration-ms="2434" status="PASS">
          <reporter-output>
          </reporter-output>
        </test-method> <!-- beforeTest -->
        <test-method signature="loginToDashboardPage()[pri:0, instance:com.goldfish.datastar.selenium.testing.localhost.login.LoginToLocalhostPageLoginHtmlTest@747edf66]" started-at="2023-12-15T11:21:14 MEZ" name="loginToDashboardPage" finished-at="2023-12-15T11:21:26 MEZ" duration-ms="12261" status="PASS">
          <reporter-output>
          </reporter-output>
        </test-method> <!-- loginToDashboardPage -->
        <test-method is-config="true" signature="afterTest()[pri:0, instance:com.goldfish.datastar.selenium.testing.localhost.login.LoginToLocalhostPageLoginHtmlTest@747edf66]" started-at="2023-12-15T11:21:26 MEZ" name="afterTest" finished-at="2023-12-15T11:21:26 MEZ" duration-ms="134" status="PASS">
          <reporter-output>
          </reporter-output>
        </test-method> <!-- afterTest -->
      </class> <!-- com.goldfish.datastar.selenium.testing.localhost.login.LoginToLocalhostPageLoginHtmlTest -->
      <class name="com.goldfish.datastar.selenium.testing.localhost.login.LogingToLocalhostTest">
        <test-method signature="loginAndSubmitToSwitchToWelcomePageTest()[pri:0, instance:com.goldfish.datastar.selenium.testing.localhost.login.LogingToLocalhostTest@69e1dd28]" started-at="2023-12-15T11:21:26 MEZ" name="loginAndSubmitToSwitchToWelcomePageTest" finished-at="2023-12-15T11:21:26 MEZ" duration-ms="2" status="FAIL">
          <exception class="java.lang.NullPointerException">
            <message>
              <![CDATA[Cannot invoke "org.openqa.selenium.WebDriver.get(String)" because "this.driver" is null]]>
            </message>
            <full-stacktrace>
              <![CDATA[java.lang.NullPointerException: Cannot invoke "org.openqa.selenium.WebDriver.get(String)" because "this.driver" is null
at com.goldfish.datastar.selenium.testing.localhost.login.LogingToLocalhostTest.loginAndSubmitToSwitchToWelcomePageTest(LogingToLocalhostTest.java:14)
at java.base/jdk.internal.reflect.DirectMethodHandleAccessor.invoke(DirectMethodHandleAccessor.java:104)
at java.base/java.lang.reflect.Method.invoke(Method.java:577)
at org.testng.internal.invokers.MethodInvocationHelper.invokeMethod(MethodInvocationHelper.java:139)
at org.testng.internal.invokers.TestInvoker.invokeMethod(TestInvoker.java:677)
at org.testng.internal.invokers.TestInvoker.invokeTestMethod(TestInvoker.java:221)
at org.testng.internal.invokers.MethodRunner.runInSequence(MethodRunner.java:50)
at org.testng.internal.invokers.TestInvoker$MethodInvocationAgent.invoke(TestInvoker.java:962)
at org.testng.internal.invokers.TestInvoker.invokeTestMethods(TestInvoker.java:194)
at org.testng.internal.invokers.TestMethodWorker.invokeTestMethods(TestMethodWorker.java:148)
at org.testng.internal.invokers.TestMethodWorker.run(TestMethodWorker.java:128)
at java.base/java.util.ArrayList.forEach(ArrayList.java:1511)
at org.testng.TestRunner.privateRun(TestRunner.java:806)
at org.testng.TestRunner.run(TestRunner.java:601)
at org.testng.SuiteRunner.runTest(SuiteRunner.java:433)
at org.testng.SuiteRunner.runSequentially(SuiteRunner.java:427)
at org.testng.SuiteRunner.privateRun(SuiteRunner.java:387)
at org.testng.SuiteRunner.run(SuiteRunner.java:330)
at org.testng.SuiteRunnerWorker.runSuite(SuiteRunnerWorker.java:52)
at org.testng.SuiteRunnerWorker.run(SuiteRunnerWorker.java:95)
at org.testng.TestNG.runSuitesSequentially(TestNG.java:1256)
at org.testng.TestNG.runSuitesLocally(TestNG.java:1176)
at org.testng.TestNG.runSuites(TestNG.java:1099)
at org.testng.TestNG.run(TestNG.java:1067)
at org.testng.remote.AbstractRemoteTestNG.run(AbstractRemoteTestNG.java:115)
at org.testng.remote.RemoteTestNG.initAndRun(RemoteTestNG.java:251)
at org.testng.remote.RemoteTestNG.main(RemoteTestNG.java:77)
]]>
            </full-stacktrace>
          </exception> <!-- java.lang.NullPointerException -->
          <reporter-output>
          </reporter-output>
        </test-method> <!-- loginAndSubmitToSwitchToWelcomePageTest -->
      </class> <!-- com.goldfish.datastar.selenium.testing.localhost.login.LogingToLocalhostTest -->
    </test> <!-- Default test -->
  </suite> <!-- Default suite -->
</testng-results>
